<?xml version="1.0" encoding="UTF-8"?>
<!-- Generated by org.testng.reporters.JUnitReportReporter -->
<testsuite hostname="DESKTOP-MEL0TQP" failures="0" tests="1" name="test_cases.First_Test" time="8.697" errors="0" timestamp="2025-02-06T19:15:53 IST" skipped="0">
  <testcase classname="test_cases.First_Test" name="first_test" time="8.697"/>
  <system-out/>
</testsuite> <!-- test_cases.First_Test -->
